# JRE version: Java(TM) SE Runtime Environment (20.0.2+9) (build 20.0.2+9-78)
# Java VM: Java HotSpot(TM) 64-Bit Server VM (20.0.2+9-78, mixed mode, emulated-client, sharing, tiered, compressed oops, compressed class ptrs, g1 gc, windows-amd64)
GC Precious Log:
 CardTable entry size: 512
 Card Set container configuration: InlinePtr #cards 5 size 8 Array Of Cards #cards 12 size 40 Howl #buckets 4 coarsen threshold 1843 Howl Bitmap #cards 512 size 80 coarsen threshold 460 Card regions per heap region 1 cards per card region 2048
 CPUs: 8 total, 8 available
 Memory: 7894M
 Large Page Support: Disabled
 NUMA Support: Disabled
 Compressed Oops: Enabled (32-bit)
 Heap Region Size: 1M
 Heap Min Capacity: 8M
 Heap Initial Capacity: 124M
 Heap Max Capacity: 1974M
 Pre-touch: Disabled
 Parallel Workers: 8
 Concurrent Workers: 2
 Concurrent Refinement Workers: 8
 Periodic GC: Disabled
Heap:
 garbage-first heap   total 68608K, used 58716K [0x0000000084a00000, 0x0000000100000000)
  region size 1024K, 24 young (24576K), 3 survivors (3072K)
 Metaspace       used 74975K, committed 75776K, reserved 1114112K
  class space    used 10735K, committed 11072K, reserved 1048576K
GC Heap History (20 events):
Event: 9.024 GC heap before
{Heap before GC invocations=11 (full 0):
 garbage-first heap   total 55296K, used 46441K [0x0000000084a00000, 0x0000000100000000)
  region size 1024K, 25 young (25600K), 2 survivors (2048K)
 Metaspace       used 45669K, committed 46336K, reserved 1114112K
  class space    used 6222K, committed 6528K, reserved 1048576K
}
Event: 9.029 GC heap after
{Heap after GC invocations=12 (full 0):
 garbage-first heap   total 55296K, used 26010K [0x0000000084a00000, 0x0000000100000000)
  region size 1024K, 4 young (4096K), 4 survivors (4096K)
 Metaspace       used 45669K, committed 46336K, reserved 1114112K
  class space    used 6222K, committed 6528K, reserved 1048576K
}
Event: 9.681 GC heap before
{Heap before GC invocations=12 (full 0):
 garbage-first heap   total 55296K, used 45466K [0x0000000084a00000, 0x0000000100000000)
  region size 1024K, 24 young (24576K), 4 survivors (4096K)
 Metaspace       used 51092K, committed 51712K, reserved 1114112K
  class space    used 6971K, committed 7232K, reserved 1048576K
}
Event: 9.686 GC heap after
{Heap after GC invocations=13 (full 0):
 garbage-first heap   total 55296K, used 27594K [0x0000000084a00000, 0x0000000100000000)
  region size 1024K, 2 young (2048K), 2 survivors (2048K)
 Metaspace       used 51092K, committed 51712K, reserved 1114112K
  class space    used 6971K, committed 7232K, reserved 1048576K
}
Event: 10.305 GC heap before
{Heap before GC invocations=13 (full 0):
 garbage-first heap   total 55296K, used 48074K [0x0000000084a00000, 0x0000000100000000)
  region size 1024K, 22 young (22528K), 2 survivors (2048K)
 Metaspace       used 54452K, committed 55168K, reserved 1114112K
  class space    used 7555K, committed 7872K, reserved 1048576K
}
Event: 10.308 GC heap after
{Heap after GC invocations=14 (full 0):
 garbage-first heap   total 55296K, used 27962K [0x0000000084a00000, 0x0000000100000000)
  region size 1024K, 2 young (2048K), 2 survivors (2048K)
 Metaspace       used 54452K, committed 55168K, reserved 1114112K
  class space    used 7555K, committed 7872K, reserved 1048576K
}
Event: 11.811 GC heap before
{Heap before GC invocations=15 (full 0):
 garbage-first heap   total 55296K, used 47418K [0x0000000084a00000, 0x0000000100000000)
  region size 1024K, 22 young (22528K), 2 survivors (2048K)
 Metaspace       used 58402K, committed 59072K, reserved 1114112K
  class space    used 8182K, committed 8448K, reserved 1048576K
}
Event: 11.818 GC heap after
{Heap after GC invocations=16 (full 0):
 garbage-first heap   total 55296K, used 29304K [0x0000000084a00000, 0x0000000100000000)
  region size 1024K, 3 young (3072K), 3 survivors (3072K)
 Metaspace       used 58402K, committed 59072K, reserved 1114112K
  class space    used 8182K, committed 8448K, reserved 1048576K
}
Event: 12.372 GC heap before
{Heap before GC invocations=16 (full 0):
 garbage-first heap   total 55296K, used 45688K [0x0000000084a00000, 0x0000000100000000)
  region size 1024K, 20 young (20480K), 3 survivors (3072K)
 Metaspace       used 61393K, committed 62208K, reserved 1114112K
  class space    used 8572K, committed 8960K, reserved 1048576K
}
Event: 12.377 GC heap after
{Heap after GC invocations=17 (full 0):
 garbage-first heap   total 55296K, used 30655K [0x0000000084a00000, 0x0000000100000000)
  region size 1024K, 3 young (3072K), 3 survivors (3072K)
 Metaspace       used 61393K, committed 62208K, reserved 1114112K
  class space    used 8572K, committed 8960K, reserved 1048576K
}
Event: 12.777 GC heap before
{Heap before GC invocations=17 (full 0):
 garbage-first heap   total 55296K, used 47039K [0x0000000084a00000, 0x0000000100000000)
  region size 1024K, 20 young (20480K), 3 survivors (3072K)
 Metaspace       used 64427K, committed 65280K, reserved 1114112K
  class space    used 9224K, committed 9600K, reserved 1048576K
}
Event: 12.781 GC heap after
{Heap after GC invocations=18 (full 0):
 garbage-first heap   total 55296K, used 33334K [0x0000000084a00000, 0x0000000100000000)
  region size 1024K, 3 young (3072K), 3 survivors (3072K)
 Metaspace       used 64427K, committed 65280K, reserved 1114112K
  class space    used 9224K, committed 9600K, reserved 1048576K
}
Event: 13.856 GC heap before
{Heap before GC invocations=19 (full 0):
 garbage-first heap   total 68608K, used 47670K [0x0000000084a00000, 0x0000000100000000)
  region size 1024K, 17 young (17408K), 3 survivors (3072K)
 Metaspace       used 64429K, committed 65280K, reserved 1114112K
  class space    used 9224K, committed 9600K, reserved 1048576K
}
Event: 13.858 GC heap after
{Heap after GC invocations=20 (full 0):
 garbage-first heap   total 68608K, used 33106K [0x0000000084a00000, 0x0000000100000000)
  region size 1024K, 1 young (1024K), 1 survivors (1024K)
 Metaspace       used 64429K, committed 65280K, reserved 1114112K
  class space    used 9224K, committed 9600K, reserved 1048576K
}
Event: 14.201 GC heap before
{Heap before GC invocations=20 (full 0):
 garbage-first heap   total 68608K, used 60754K [0x0000000084a00000, 0x0000000100000000)
  region size 1024K, 29 young (29696K), 1 survivors (1024K)
 Metaspace       used 66568K, committed 67328K, reserved 1114112K
  class space    used 9526K, committed 9856K, reserved 1048576K
}
Event: 14.203 GC heap after
{Heap after GC invocations=21 (full 0):
 garbage-first heap   total 68608K, used 34523K [0x0000000084a00000, 0x0000000100000000)
  region size 1024K, 2 young (2048K), 2 survivors (2048K)
 Metaspace       used 66568K, committed 67328K, reserved 1114112K
  class space    used 9526K, committed 9856K, reserved 1048576K
}
Event: 14.906 GC heap before
{Heap before GC invocations=21 (full 0):
 garbage-first heap   total 68608K, used 62171K [0x0000000084a00000, 0x0000000100000000)
  region size 1024K, 29 young (29696K), 2 survivors (2048K)
 Metaspace       used 69844K, committed 70592K, reserved 1114112K
  class space    used 9970K, committed 10304K, reserved 1048576K
}
Event: 14.909 GC heap after
{Heap after GC invocations=22 (full 0):
 garbage-first heap   total 68608K, used 36168K [0x0000000084a00000, 0x0000000100000000)
  region size 1024K, 4 young (4096K), 4 survivors (4096K)
 Metaspace       used 69844K, committed 70592K, reserved 1114112K
  class space    used 9970K, committed 10304K, reserved 1048576K
}
Event: 18.696 GC heap before
{Heap before GC invocations=23 (full 0):
 garbage-first heap   total 68608K, used 58696K [0x0000000084a00000, 0x0000000100000000)
  region size 1024K, 27 young (27648K), 4 survivors (4096K)
 Metaspace       used 72490K, committed 73280K, reserved 1114112K
  class space    used 10400K, committed 10752K, reserved 1048576K
}
Event: 18.700 GC heap after
{Heap after GC invocations=24 (full 0):
 garbage-first heap   total 68608K, used 38236K [0x0000000084a00000, 0x0000000100000000)
  region size 1024K, 3 young (3072K), 3 survivors (3072K)
 Metaspace       used 72490K, committed 73280K, reserved 1114112K
  class space    used 10400K, committed 10752K, reserved 1048576K
}

